<?xml version="1.0" encoding="utf-8"?><testsuites name="pytest tests"><testsuite name="pytest" errors="0" failures="0" skipped="0" tests="13" time="11.973" timestamp="2026-04-30T19:26:04.023329+00:00" hostname="agent-env-b6e326b2-7192-49b1-bc5b-96e945b56bb2"><testcase classname="backend.tests.backend_test" name="test_root" time="0.311" /><testcase classname="backend.tests.backend_test" name="test_stats_initial" time="0.139" /><testcase classname="backend.tests.backend_test" name="test_gmail_status" time="0.057" /><testcase classname="backend.tests.backend_test" name="test_emails_scan" time="0.105" /><testcase classname="backend.tests.backend_test" name="test_emails_delete_and_persist" time="0.179" /><testcase classname="backend.tests.backend_test" name="test_emails_delete_empty_ids" time="0.055" /><testcase classname="backend.tests.backend_test" name="test_emails_reset_restores" time="0.176" /><testcase classname="backend.tests.backend_test" name="test_photos_albums_initial" time="0.054" /><testcase classname="backend.tests.backend_test" name="test_photos_analyze" time="0.718" /><testcase classname="backend.tests.backend_test" name="test_photos_batch_and_find_exact" time="9.475" /><testcase classname="backend.tests.backend_test" name="test_photos_batch_size_limit" time="0.063" /><testcase classname="backend.tests.backend_test" name="test_find_duplicates_similar" time="0.140" /><testcase classname="backend.tests.backend_test" name="test_record_photo_cleanup_and_reset" time="0.261" /></testsuite></testsuites>