<?xml version="1.0" encoding="utf-8"?><testsuites name="pytest tests"><testsuite name="pytest" errors="0" failures="0" skipped="0" tests="17" time="14.348" timestamp="2026-04-30T21:24:07.213918+00:00" hostname="agent-env-b6e326b2-7192-49b1-bc5b-96e945b56bb2"><testcase classname="backend.tests.backend_test" name="test_root" time="0.310" /><testcase classname="backend.tests.backend_test" name="test_stats_initial" time="0.152" /><testcase classname="backend.tests.backend_test" name="test_gmail_status" time="0.064" /><testcase classname="backend.tests.backend_test" name="test_emails_scan" time="0.121" /><testcase classname="backend.tests.backend_test" name="test_emails_delete_and_persist" time="0.187" /><testcase classname="backend.tests.backend_test" name="test_emails_delete_empty_ids" time="0.062" /><testcase classname="backend.tests.backend_test" name="test_emails_reset_restores" time="0.183" /><testcase classname="backend.tests.backend_test" name="test_photos_albums_initial" time="0.058" /><testcase classname="backend.tests.backend_test" name="test_photos_analyze" time="2.749" /><testcase classname="backend.tests.backend_test" name="test_photos_batch_and_find_exact" time="9.291" /><testcase classname="backend.tests.backend_test" name="test_photos_batch_size_limit" time="0.106" /><testcase classname="backend.tests.backend_test" name="test_find_duplicates_similar" time="0.178" /><testcase classname="backend.tests.backend_test" name="test_record_photo_cleanup_and_reset" time="0.287" /><testcase classname="backend.tests.backend_test" name="test_photos_demo_scan" time="0.057" /><testcase classname="backend.tests.backend_test" name="test_photos_by_category_selfie" time="0.128" /><testcase classname="backend.tests.backend_test" name="test_photos_by_category_food" time="0.112" /><testcase classname="backend.tests.backend_test" name="test_photos_by_category_nonexistent" time="0.052" /></testsuite></testsuites>